Log file open, 09/26/19 14:42:02
LogWindows: Failed to load 'aqProf.dll' (GetLastError=126)
LogWindows: File 'aqProf.dll' does not exist
LogWindows: Failed to load 'VtuneApi.dll' (GetLastError=126)
LogWindows: File 'VtuneApi.dll' does not exist
LogWindows: Failed to load 'VtuneApi32e.dll' (GetLastError=126)
LogWindows: File 'VtuneApi32e.dll' does not exist
LogConsoleResponse: Display: Failed to find resolution value strings in scalability ini. Falling back to default.
LogInit: Display: Running engine for game: Ecape_Project
LogPlatformFile: Not using cached read wrapper
LogTaskGraph: Started task graph with 5 named threads and 23 total threads with 3 sets of task threads.
LogStats: Stats thread started at 0.064404
LogD3D11RHI: Loaded GFSDK_Aftermath_Lib.x64.dll
LogICUInternationalization: ICU TimeZone Detection - Raw Offset: -5:00, Platform Override: ''
LogPluginManager: Mounting plugin Paper2D
LogPluginManager: Mounting plugin AISupport
LogPluginManager: Mounting plugin LightPropagationVolume
LogPluginManager: Mounting plugin ActorLayerUtilities
LogPluginManager: Mounting plugin AnimationSharing
LogPluginManager: Mounting plugin CLionSourceCodeAccess
LogPluginManager: Mounting plugin CodeLiteSourceCodeAccess
LogPluginManager: Mounting plugin GitSourceControl
LogPluginManager: Mounting plugin KDevelopSourceCodeAccess
LogPluginManager: Mounting plugin NullSourceCodeAccess
LogPluginManager: Mounting plugin PerforceSourceControl
LogPluginManager: Mounting plugin SubversionSourceControl
LogPluginManager: Mounting plugin UObjectPlugin
LogPluginManager: Mounting plugin VisualStudioCodeSourceCodeAccess
LogPluginManager: Mounting plugin VisualStudioSourceCodeAccess
LogPluginManager: Mounting plugin XCodeSourceCodeAccess
LogPluginManager: Mounting plugin AssetManagerEditor
LogPluginManager: Mounting plugin CryptoKeys
LogPluginManager: Mounting plugin CurveEditorTools
LogPluginManager: Mounting plugin DataValidation
LogPluginManager: Mounting plugin FacialAnimation
LogPluginManager: Mounting plugin GameplayTagsEditor
LogPluginManager: Mounting plugin MacGraphicsSwitching
LogPluginManager: Mounting plugin MaterialAnalyzer
LogPluginManager: Mounting plugin MobileLauncherProfileWizard
LogPluginManager: Mounting plugin PluginBrowser
LogPluginManager: Mounting plugin SpeedTreeImporter
LogPluginManager: Mounting plugin DatasmithContent
LogPluginManager: Mounting plugin VariantManagerContent
LogPluginManager: Mounting plugin AlembicImporter
LogPluginManager: Mounting plugin AutomationUtils
LogPluginManager: Mounting plugin BackChannel
LogPluginManager: Mounting plugin CharacterAI
LogPluginManager: Mounting plugin GeometryCache
LogPluginManager: Mounting plugin HTML5Networking
LogPluginManager: Mounting plugin PlatformCrypto
LogPluginManager: Mounting plugin ProxyLODPlugin
LogPluginManager: Mounting plugin SkeletalReduction
LogPluginManager: Mounting plugin MagicLeap
LogPluginManager: Mounting plugin MagicLeapMedia
LogPluginManager: Mounting plugin AndroidMedia
LogPluginManager: Mounting plugin AvfMedia
LogPluginManager: Mounting plugin ImgMedia
LogPluginManager: Mounting plugin MediaCompositing
LogPluginManager: Mounting plugin MediaPlayerEditor
LogPluginManager: Mounting plugin WebMMedia
LogPluginManager: Mounting plugin WmfMedia
LogPluginManager: Mounting plugin TcpMessaging
LogPluginManager: Mounting plugin UdpMessaging
LogPluginManager: Mounting plugin ActorSequence
LogPluginManager: Mounting plugin LevelSequenceEditor
LogPluginManager: Mounting plugin MatineeToLevelSequence
LogPluginManager: Mounting plugin NetcodeUnitTest
LogPluginManager: Mounting plugin NUTUnrealEngine4
LogPluginManager: Mounting plugin OnlineSubsystemGooglePlay
LogPluginManager: Mounting plugin OnlineSubsystemIOS
LogPluginManager: Mounting plugin OnlineSubsystem
LogPluginManager: Mounting plugin OnlineSubsystemNull
LogPluginManager: Mounting plugin OnlineSubsystemUtils
LogPluginManager: Mounting plugin LauncherChunkInstaller
LogPluginManager: Mounting plugin AndroidDeviceProfileSelector
LogPluginManager: Mounting plugin AndroidMoviePlayer
LogPluginManager: Mounting plugin AndroidPermission
LogPluginManager: Mounting plugin AppleImageUtils
LogPluginManager: Mounting plugin AppleMoviePlayer
LogPluginManager: Mounting plugin ArchVisCharacter
LogPluginManager: Mounting plugin AudioCapture
LogPluginManager: Mounting plugin CableComponent
LogPluginManager: Mounting plugin CustomMeshComponent
LogPluginManager: Mounting plugin EditableMesh
LogPluginManager: Mounting plugin ExampleDeviceProfileSelector
LogPluginManager: Mounting plugin GoogleCloudMessaging
LogPluginManager: Mounting plugin IOSDeviceProfileSelector
LogPluginManager: Mounting plugin LinuxDeviceProfileSelector
LogPluginManager: Mounting plugin LocationServicesBPLibrary
LogPluginManager: Mounting plugin MobilePatchingUtils
LogPluginManager: Mounting plugin OculusVR
LogPluginManager: Mounting plugin PhysXVehicles
LogPluginManager: Mounting plugin ProceduralMeshComponent
LogPluginManager: Mounting plugin RuntimePhysXCooking
LogPluginManager: Mounting plugin SignificanceManager
LogPluginManager: Mounting plugin SteamVR
LogPluginManager: Mounting plugin WebMMoviePlayer
LogPluginManager: Mounting plugin WindowsMoviePlayer
LogPluginManager: Mounting plugin ScreenshotTools
LogInit: Using libcurl 7.55.1-DEV
LogInit:  - built for x86_64-pc-win32
LogInit:  - supports SSL with OpenSSL/1.1.1
LogInit:  - supports HTTP deflate (compression) using libz 1.2.8
LogInit:  - other features:
LogInit:      CURL_VERSION_SSL
LogInit:      CURL_VERSION_LIBZ
LogInit:      CURL_VERSION_IPV6
LogInit:      CURL_VERSION_ASYNCHDNS
LogInit:      CURL_VERSION_LARGEFILE
LogInit:      CURL_VERSION_IDN
LogInit:  CurlRequestOptions (configurable via config and command line):
LogInit:  - bVerifyPeer = true  - Libcurl will verify peer certificate
LogInit:  - bUseHttpProxy = false  - Libcurl will NOT use HTTP proxy
LogInit:  - bDontReuseConnections = false  - Libcurl will reuse connections
LogInit:  - MaxHostConnections = 16  - Libcurl will limit the number of connections to a host
LogInit:  - LocalHostAddr = Default
LogInit:  - BufferSize = 65536
LogOnline: OSS: Creating online subsystem instance for: NULL
LogInit: WinSock: version 1.1 (2.2), MaxSocks=32767, MaxUdp=65467
LogInit: Build: ++UE4+Release-4.23-CL-8386587
LogInit: Engine Version: 4.23.0-8386587+++UE4+Release-4.23
LogInit: Compatible Engine Version: 4.23.0-8386587+++UE4+Release-4.23
LogInit: Net CL: 8386587
LogInit: OS: Windows 10 (Release 1903) (), CPU: Intel(R) Core(TM) i7-7700 CPU @ 3.60GHz, GPU: NVIDIA GeForce GTX 1070
LogInit: Compiled (64-bit): Aug 31 2019 02:04:44
LogInit: Compiled with Visual C++: 19.16.27030.01
LogInit: Build Configuration: Development
LogInit: Branch Name: ++UE4+Release-4.23
LogInit: Command Line: 
LogInit: Base Directory: C:/Program Files/Epic Games/UE_4.23/Engine/Binaries/Win64/
LogInit: Installed Engine Build: 1
LogDevObjectVersion: Number of dev versions registered: 23
LogDevObjectVersion:   Dev-Blueprints (B0D832E4-1F89-4F0D-ACCF-7EB736FD4AA2): 10
LogDevObjectVersion:   Dev-Build (E1C64328-A22C-4D53-A36C-8E866417BD8C): 0
LogDevObjectVersion:   Dev-Core (375EC13C-06E4-48FB-B500-84F0262A717E): 3
LogDevObjectVersion:   Dev-Editor (E4B068ED-F494-42E9-A231-DA0B2E46BB41): 34
LogDevObjectVersion:   Dev-Framework (CFFC743F-43B0-4480-9391-14DF171D2073): 35
LogDevObjectVersion:   Dev-Mobile (B02B49B5-BB20-44E9-A304-32B752E40360): 2
LogDevObjectVersion:   Dev-Networking (A4E4105C-59A1-49B5-A7C5-40C4547EDFEE): 0
LogDevObjectVersion:   Dev-Online (39C831C9-5AE6-47DC-9A44-9C173E1C8E7C): 0
LogDevObjectVersion:   Dev-Physics (78F01B33-EBEA-4F98-B9B4-84EACCB95AA2): 0
LogDevObjectVersion:   Dev-Platform (6631380F-2D4D-43E0-8009-CF276956A95A): 0
LogDevObjectVersion:   Dev-Rendering (12F88B9F-8875-4AFC-A67C-D90C383ABD29): 31
LogDevObjectVersion:   Dev-Sequencer (7B5AE74C-D270-4C10-A958-57980B212A5A): 11
LogDevObjectVersion:   Dev-VR (D7296918-1DD6-4BDD-9DE2-64A83CC13884): 2
LogDevObjectVersion:   Dev-LoadTimes (C2A15278-BFE7-4AFE-6C17-90FF531DF755): 1
LogDevObjectVersion:   Private-Geometry (6EACA3D4-40EC-4CC1-B786-8BED09428FC5): 3
LogDevObjectVersion:   Dev-AnimPhys (29E575DD-E0A3-4627-9D10-D276232CDCEA): 17
LogDevObjectVersion:   Dev-Anim (AF43A65D-7FD3-4947-9873-3E8ED9C1BB05): 2
LogDevObjectVersion:   Dev-ReflectionCapture (6B266CEC-1EC7-4B8F-A30B-E4D90942FC07): 1
LogDevObjectVersion:   Dev-Automation (0DF73D61-A23F-47EA-B727-89E90C41499A): 1
LogDevObjectVersion:   FortniteMain (601D1886-AC64-4F84-AA16-D3DE0DEAC7D6): 27
LogDevObjectVersion:   Dev-Enterprise (9DFFBCD6-494F-0158-E221-12823C92A888): 6
LogDevObjectVersion:   Dev-Niagara (F2AED0AC-9AFE-416F-8664-AA7FFA26D6FC): 1
LogDevObjectVersion:   Dev-Destruction (174F1F0B-B4C6-45A5-B13F-2EE8D0FB917D): 9
LogInit: Presizing for max 16777216 objects, including 0 objects not considered by GC, pre-allocating 0 bytes for permanent pool.
LogInit: Object subsystem initialized
LogConfig: Setting CVar [[con.DebugEarlyDefault:1]]
LogConfig: Setting CVar [[r.setres:1280x720]]
[2019.09.26-18.42.02:604][  0]LogConfig: Setting CVar [[r.VSync:0]]
[2019.09.26-18.42.02:604][  0]LogConfig: Setting CVar [[r.RHICmdBypass:0]]
[2019.09.26-18.42.02:604][  0]LogConfig: Applying CVar settings from Section [/Script/Engine.RendererSettings] File [C:/Users/fbarroso/Documents/Unreal Projects/Ecape_Project/Saved/Config/Windows/Engine.ini]
[2019.09.26-18.42.02:604][  0]LogConfig: Setting CVar [[r.GPUCrashDebugging:0]]
[2019.09.26-18.42.02:604][  0]LogConfig: Applying CVar settings from Section [/Script/Engine.RendererOverrideSettings] File [C:/Users/fbarroso/Documents/Unreal Projects/Ecape_Project/Saved/Config/Windows/Engine.ini]
[2019.09.26-18.42.02:604][  0]LogConfig: Applying CVar settings from Section [/Script/Engine.StreamingSettings] File [C:/Users/fbarroso/Documents/Unreal Projects/Ecape_Project/Saved/Config/Windows/Engine.ini]
[2019.09.26-18.42.02:604][  0]LogConfig: Setting CVar [[s.MinBulkDataSizeForAsyncLoading:131072]]
[2019.09.26-18.42.02:604][  0]LogConfig: Setting CVar [[s.AsyncLoadingThreadEnabled:0]]
[2019.09.26-18.42.02:604][  0]LogConfig: Setting CVar [[s.EventDrivenLoaderEnabled:1]]
[2019.09.26-18.42.02:604][  0]LogConfig: Setting CVar [[s.WarnIfTimeLimitExceeded:0]]
[2019.09.26-18.42.02:604][  0]LogConfig: Setting CVar [[s.TimeLimitExceededMultiplier:1.5]]
[2019.09.26-18.42.02:604][  0]LogConfig: Setting CVar [[s.TimeLimitExceededMinTime:0.005]]
[2019.09.26-18.42.02:604][  0]LogConfig: Setting CVar [[s.UseBackgroundLevelStreaming:1]]
[2019.09.26-18.42.02:604][  0]LogConfig: Setting CVar [[s.PriorityAsyncLoadingExtraTime:15.0]]
[2019.09.26-18.42.02:604][  0]LogConfig: Setting CVar [[s.LevelStreamingActorsUpdateTimeLimit:5.0]]
[2019.09.26-18.42.02:604][  0]LogConfig: Setting CVar [[s.PriorityLevelStreamingActorsUpdateExtraTime:5.0]]
[2019.09.26-18.42.02:604][  0]LogConfig: Setting CVar [[s.LevelStreamingComponentsRegistrationGranularity:10]]
[2019.09.26-18.42.02:604][  0]LogConfig: Setting CVar [[s.UnregisterComponentsTimeLimit:1.0]]
[2019.09.26-18.42.02:604][  0]LogConfig: Setting CVar [[s.LevelStreamingComponentsUnregistrationGranularity:5]]
[2019.09.26-18.42.02:604][  0]LogConfig: Applying CVar settings from Section [/Script/Engine.GarbageCollectionSettings] File [C:/Users/fbarroso/Documents/Unreal Projects/Ecape_Project/Saved/Config/Windows/Engine.ini]
[2019.09.26-18.42.02:604][  0]LogConfig: Setting CVar [[gc.MaxObjectsNotConsideredByGC:1]]
[2019.09.26-18.42.02:604][  0]LogConfig: Setting CVar [[gc.SizeOfPermanentObjectPool:0]]
[2019.09.26-18.42.02:604][  0]LogConfig: Setting CVar [[gc.FlushStreamingOnGC:0]]
[2019.09.26-18.42.02:604][  0]LogConfig: Setting CVar [[gc.NumRetriesBeforeForcingGC:10]]
[2019.09.26-18.42.02:604][  0]LogConfig: Setting CVar [[gc.AllowParallelGC:1]]
[2019.09.26-18.42.02:604][  0]LogConfig: Setting CVar [[gc.TimeBetweenPurgingPendingKillObjects:61.1]]
[2019.09.26-18.42.02:604][  0]LogConfig: Setting CVar [[gc.MaxObjectsInEditor:16777216]]
[2019.09.26-18.42.02:604][  0]LogConfig: Setting CVar [[gc.IncrementalBeginDestroyEnabled:1]]
[2019.09.26-18.42.02:604][  0]LogConfig: Setting CVar [[gc.CreateGCClusters:1]]
[2019.09.26-18.42.02:604][  0]LogConfig: Setting CVar [[gc.MinGCClusterSize:5]]
[2019.09.26-18.42.02:604][  0]LogConfig: Setting CVar [[gc.ActorClusteringEnabled:0]]
[2019.09.26-18.42.02:604][  0]LogConfig: Setting CVar [[gc.BlueprintClusteringEnabled:0]]
[2019.09.26-18.42.02:604][  0]LogConfig: Setting CVar [[gc.UseDisregardForGCOnDedicatedServers:0]]
[2019.09.26-18.42.02:604][  0]LogConfig: Applying CVar settings from Section [/Script/Engine.NetworkSettings] File [C:/Users/fbarroso/Documents/Unreal Projects/Ecape_Project/Saved/Config/Windows/Engine.ini]
[2019.09.26-18.42.02:604][  0]LogConfig: Applying CVar settings from Section [/Script/UnrealEd.CookerSettings] File [C:/Users/fbarroso/Documents/Unreal Projects/Ecape_Project/Saved/Config/Windows/Engine.ini]
[2019.09.26-18.42.02:606][  0]LogConfig: Applying CVar settings from Section [ViewDistanceQuality@3] File [C:/Users/fbarroso/Documents/Unreal Projects/Ecape_Project/Saved/Config/Windows/Scalability.ini]
[2019.09.26-18.42.02:606][  0]LogConfig: Setting CVar [[r.SkeletalMeshLODBias:0]]
[2019.09.26-18.42.02:606][  0]LogConfig: Setting CVar [[r.ViewDistanceScale:1.0]]
[2019.09.26-18.42.02:606][  0]LogConfig: Applying CVar settings from Section [AntiAliasingQuality@3] File [C:/Users/fbarroso/Documents/Unreal Projects/Ecape_Project/Saved/Config/Windows/Scalability.ini]
[2019.09.26-18.42.02:606][  0]LogConfig: Setting CVar [[r.PostProcessAAQuality:4]]
[2019.09.26-18.42.02:607][  0]LogConfig: Applying CVar settings from Section [ShadowQuality@3] File [C:/Users/fbarroso/Documents/Unreal Projects/Ecape_Project/Saved/Config/Windows/Scalability.ini]
[2019.09.26-18.42.02:607][  0]LogConfig: Setting CVar [[r.LightFunctionQuality:1]]
[2019.09.26-18.42.02:607][  0]LogConfig: Setting CVar [[r.ShadowQuality:5]]
[2019.09.26-18.42.02:607][  0]LogConfig: Setting CVar [[r.Shadow.CSM.MaxCascades:10]]
[2019.09.26-18.42.02:607][  0]LogConfig: Setting CVar [[r.Shadow.MaxResolution:2048]]
[2019.09.26-18.42.02:607][  0]LogConfig: Setting CVar [[r.Shadow.MaxCSMResolution:2048]]
[2019.09.26-18.42.02:607][  0]LogConfig: Setting CVar [[r.Shadow.RadiusThreshold:0.01]]
[2019.09.26-18.42.02:607][  0]LogConfig: Setting CVar [[r.Shadow.DistanceScale:1.0]]
[2019.09.26-18.42.02:607][  0]LogConfig: Setting CVar [[r.Shadow.CSM.TransitionScale:1.0]]
[2019.09.26-18.42.02:607][  0]LogConfig: Setting CVar [[r.Shadow.PreShadowResolutionFactor:1.0]]
[2019.09.26-18.42.02:607][  0]LogConfig: Setting CVar [[r.DistanceFieldShadowing:1]]
[2019.09.26-18.42.02:607][  0]LogConfig: Setting CVar [[r.DistanceFieldAO:1]]
[2019.09.26-18.42.02:607][  0]LogConfig: Setting CVar [[r.AOQuality:2]]
[2019.09.26-18.42.02:607][  0]LogConfig: Setting CVar [[r.VolumetricFog:1]]
[2019.09.26-18.42.02:607][  0]LogConfig: Setting CVar [[r.VolumetricFog.GridPixelSize:8]]
[2019.09.26-18.42.02:607][  0]LogConfig: Setting CVar [[r.VolumetricFog.GridSizeZ:128]]
[2019.09.26-18.42.02:607][  0]LogConfig: Setting CVar [[r.VolumetricFog.HistoryMissSupersampleCount:4]]
[2019.09.26-18.42.02:607][  0]LogConfig: Setting CVar [[r.LightMaxDrawDistanceScale:1]]
[2019.09.26-18.42.02:607][  0]LogConfig: Setting CVar [[r.CapsuleShadows:1]]
[2019.09.26-18.42.02:607][  0]LogConfig: Applying CVar settings from Section [PostProcessQuality@3] File [C:/Users/fbarroso/Documents/Unreal Projects/Ecape_Project/Saved/Config/Windows/Scalability.ini]
[2019.09.26-18.42.02:607][  0]LogConfig: Setting CVar [[r.MotionBlurQuality:4]]
[2019.09.26-18.42.02:607][  0]LogConfig: Setting CVar [[r.AmbientOcclusionMipLevelFactor:0.4]]
[2019.09.26-18.42.02:607][  0]LogConfig: Setting CVar [[r.AmbientOcclusionMaxQuality:100]]
[2019.09.26-18.42.02:607][  0]LogConfig: Setting CVar [[r.AmbientOcclusionLevels:-1]]
[2019.09.26-18.42.02:607][  0]LogConfig: Setting CVar [[r.AmbientOcclusionRadiusScale:1.0]]
[2019.09.26-18.42.02:607][  0]LogConfig: Setting CVar [[r.DepthOfFieldQuality:2]]
[2019.09.26-18.42.02:607][  0]LogConfig: Setting CVar [[r.RenderTargetPoolMin:400]]
[2019.09.26-18.42.02:607][  0]LogConfig: Setting CVar [[r.LensFlareQuality:2]]
[2019.09.26-18.42.02:607][  0]LogConfig: Setting CVar [[r.SceneColorFringeQuality:1]]
[2019.09.26-18.42.02:607][  0]LogConfig: Setting CVar [[r.EyeAdaptationQuality:2]]
[2019.09.26-18.42.02:607][  0]LogConfig: Setting CVar [[r.BloomQuality:5]]
[2019.09.26-18.42.02:607][  0]LogConfig: Setting CVar [[r.FastBlurThreshold:100]]
[2019.09.26-18.42.02:607][  0]LogConfig: Setting CVar [[r.Upscale.Quality:3]]
[2019.09.26-18.42.02:607][  0]LogConfig: Setting CVar [[r.Tonemapper.GrainQuantization:1]]
[2019.09.26-18.42.02:607][  0]LogConfig: Setting CVar [[r.LightShaftQuality:1]]
[2019.09.26-18.42.02:607][  0]LogConfig: Setting CVar [[r.Filter.SizeScale:1]]
[2019.09.26-18.42.02:607][  0]LogConfig: Setting CVar [[r.Tonemapper.Quality:5]]
[2019.09.26-18.42.02:607][  0]LogConfig: Setting CVar [[r.DOF.Gather.AccumulatorQuality:1        ; higher gathering accumulator quality]]
[2019.09.26-18.42.02:607][  0]LogConfig: Setting CVar [[r.DOF.Gather.PostfilterMethod:1          ; Median3x3 postfilering method]]
[2019.09.26-18.42.02:607][  0]LogConfig: Setting CVar [[r.DOF.Gather.EnableBokehSettings:0       ; no bokeh simulation when gathering]]
[2019.09.26-18.42.02:607][  0]LogConfig: Setting CVar [[r.DOF.Gather.RingCount:4                 ; medium number of samples when gathering]]
[2019.09.26-18.42.02:607][  0]LogConfig: Setting CVar [[r.DOF.Scatter.ForegroundCompositing:1    ; additive foreground scattering]]
[2019.09.26-18.42.02:607][  0]LogConfig: Setting CVar [[r.DOF.Scatter.BackgroundCompositing:2    ; additive background scattering]]
[2019.09.26-18.42.02:607][  0]LogConfig: Setting CVar [[r.DOF.Scatter.EnableBokehSettings:1      ; bokeh simulation when scattering]]
[2019.09.26-18.42.02:607][  0]LogConfig: Setting CVar [[r.DOF.Scatter.MaxSpriteRatio:0.1         ; only a maximum of 10% of scattered bokeh]]
[2019.09.26-18.42.02:607][  0]LogConfig: Setting CVar [[r.DOF.Recombine.Quality:1                ; cheap slight out of focus]]
[2019.09.26-18.42.02:607][  0]LogConfig: Setting CVar [[r.DOF.Recombine.EnableBokehSettings:0    ; no bokeh simulation on slight out of focus]]
[2019.09.26-18.42.02:607][  0]LogConfig: Setting CVar [[r.DOF.TemporalAAQuality:1                ; more stable temporal accumulation]]
[2019.09.26-18.42.02:607][  0]LogConfig: Setting CVar [[r.DOF.Kernel.MaxForegroundRadius:0.025]]
[2019.09.26-18.42.02:607][  0]LogConfig: Setting CVar [[r.DOF.Kernel.MaxBackgroundRadius:0.025]]
[2019.09.26-18.42.02:607][  0]LogConfig: Applying CVar settings from Section [TextureQuality@3] File [C:/Users/fbarroso/Documents/Unreal Projects/Ecape_Project/Saved/Config/Windows/Scalability.ini]
[2019.09.26-18.42.02:607][  0]LogConfig: Setting CVar [[r.Streaming.MipBias:0]]
[2019.09.26-18.42.02:607][  0]LogConfig: Setting CVar [[r.Streaming.AmortizeCPUToGPUCopy:0]]
[2019.09.26-18.42.02:607][  0]LogConfig: Setting CVar [[r.Streaming.MaxNumTexturesToStreamPerFrame:0]]
[2019.09.26-18.42.02:607][  0]LogConfig: Setting CVar [[r.Streaming.Boost:1]]
[2019.09.26-18.42.02:607][  0]LogConfig: Setting CVar [[r.MaxAnisotropy:8]]
[2019.09.26-18.42.02:607][  0]LogConfig: Setting CVar [[r.Streaming.LimitPoolSizeToVRAM:0]]
[2019.09.26-18.42.02:607][  0]LogConfig: Setting CVar [[r.Streaming.PoolSize:1000]]
[2019.09.26-18.42.02:607][  0]LogConfig: Setting CVar [[r.Streaming.MaxEffectiveScreenSize:0]]
[2019.09.26-18.42.02:607][  0]LogConfig: Applying CVar settings from Section [EffectsQuality@3] File [C:/Users/fbarroso/Documents/Unreal Projects/Ecape_Project/Saved/Config/Windows/Scalability.ini]
[2019.09.26-18.42.02:607][  0]LogConfig: Setting CVar [[r.TranslucencyLightingVolumeDim:64]]
[2019.09.26-18.42.02:607][  0]LogConfig: Setting CVar [[r.RefractionQuality:2]]
[2019.09.26-18.42.02:607][  0]LogConfig: Setting CVar [[r.SSR.Quality:3]]
[2019.09.26-18.42.02:607][  0]LogConfig: Setting CVar [[r.SceneColorFormat:4]]
[2019.09.26-18.42.02:607][  0]LogConfig: Setting CVar [[r.DetailMode:2]]
[2019.09.26-18.42.02:607][  0]LogConfig: Setting CVar [[r.TranslucencyVolumeBlur:1]]
[2019.09.26-18.42.02:607][  0]LogConfig: Setting CVar [[r.MaterialQualityLevel:1 ; High quality]]
[2019.09.26-18.42.02:607][  0]LogConfig: Setting CVar [[r.SSS.Scale:1]]
[2019.09.26-18.42.02:607][  0]LogConfig: Setting CVar [[r.SSS.SampleSet:2]]
[2019.09.26-18.42.02:607][  0]LogConfig: Setting CVar [[r.SSS.Quality:1]]
[2019.09.26-18.42.02:607][  0]LogConfig: Setting CVar [[r.SSS.HalfRes:1]]
[2019.09.26-18.42.02:607][  0]LogConfig: Setting CVar [[r.EmitterSpawnRateScale:1.0]]
[2019.09.26-18.42.02:607][  0]LogConfig: Setting CVar [[r.ParticleLightQuality:2]]
[2019.09.26-18.42.02:607][  0]LogConfig: Applying CVar settings from Section [FoliageQuality@3] File [C:/Users/fbarroso/Documents/Unreal Projects/Ecape_Project/Saved/Config/Windows/Scalability.ini]
[2019.09.26-18.42.02:607][  0]LogConfig: Setting CVar [[foliage.DensityScale:1.0]]
[2019.09.26-18.42.02:607][  0]LogConfig: Setting CVar [[grass.DensityScale:1.0]]
[2019.09.26-18.42.02:608][  0]LogInit: Selected Device Profile: [Windows]
[2019.09.26-18.42.02:608][  0]LogInit: Applying CVar settings loaded from the selected device profile: [Windows]
[2019.09.26-18.42.02:610][  0]LogHAL: Display: Platform has ~ 32 GB [34301571072 / 34359738368 / 32], which maps to Largest [LargestMinGB=32, LargerMinGB=12, DefaultMinGB=8, SmallerMinGB=6, SmallestMinGB=0)
[2019.09.26-18.42.02:610][  0]LogInit: Going up to parent DeviceProfile []
[2019.09.26-18.42.02:610][  0]LogConfig: Applying CVar settings from Section [ViewDistanceQuality@3] File [C:/Users/fbarroso/Documents/Unreal Projects/Ecape_Project/Saved/Config/Windows/Scalability.ini]
[2019.09.26-18.42.02:610][  0]LogConfig: Setting CVar [[r.SkeletalMeshLODBias:0]]
[2019.09.26-18.42.02:610][  0]LogConfig: Setting CVar [[r.ViewDistanceScale:1.0]]
[2019.09.26-18.42.02:610][  0]LogConfig: Applying CVar settings from Section [AntiAliasingQuality@3] File [C:/Users/fbarroso/Documents/Unreal Projects/Ecape_Project/Saved/Config/Windows/Scalability.ini]
[2019.09.26-18.42.02:610][  0]LogConfig: Setting CVar [[r.PostProcessAAQuality:4]]
[2019.09.26-18.42.02:610][  0]LogConfig: Applying CVar settings from Section [ShadowQuality@3] File [C:/Users/fbarroso/Documents/Unreal Projects/Ecape_Project/Saved/Config/Windows/Scalability.ini]
[2019.09.26-18.42.02:610][  0]LogConfig: Setting CVar [[r.LightFunctionQuality:1]]
[2019.09.26-18.42.02:610][  0]LogConfig: Setting CVar [[r.ShadowQuality:5]]
[2019.09.26-18.42.02:610][  0]LogConfig: Setting CVar [[r.Shadow.CSM.MaxCascades:10]]
[2019.09.26-18.42.02:610][  0]LogConfig: Setting CVar [[r.Shadow.MaxResolution:2048]]
[2019.09.26-18.42.02:610][  0]LogConfig: Setting CVar [[r.Shadow.MaxCSMResolution:2048]]
[2019.09.26-18.42.02:610][  0]LogConfig: Setting CVar [[r.Shadow.RadiusThreshold:0.01]]
[2019.09.26-18.42.02:610][  0]LogConfig: Setting CVar [[r.Shadow.DistanceScale:1.0]]
[2019.09.26-18.42.02:610][  0]LogConfig: Setting CVar [[r.Shadow.CSM.TransitionScale:1.0]]
[2019.09.26-18.42.02:611][  0]LogConfig: Setting CVar [[r.Shadow.PreShadowResolutionFactor:1.0]]
[2019.09.26-18.42.02:611][  0]LogConfig: Setting CVar [[r.DistanceFieldShadowing:1]]
[2019.09.26-18.42.02:611][  0]LogConfig: Setting CVar [[r.DistanceFieldAO:1]]
[2019.09.26-18.42.02:611][  0]LogConfig: Setting CVar [[r.AOQuality:2]]
[2019.09.26-18.42.02:611][  0]LogConfig: Setting CVar [[r.VolumetricFog:1]]
[2019.09.26-18.42.02:611][  0]LogConfig: Setting CVar [[r.VolumetricFog.GridPixelSize:8]]
[2019.09.26-18.42.02:611][  0]LogConfig: Setting CVar [[r.VolumetricFog.GridSizeZ:128]]
[2019.09.26-18.42.02:611][  0]LogConfig: Setting CVar [[r.VolumetricFog.HistoryMissSupersampleCount:4]]
[2019.09.26-18.42.02:611][  0]LogConfig: Setting CVar [[r.LightMaxDrawDistanceScale:1]]
[2019.09.26-18.42.02:611][  0]LogConfig: Setting CVar [[r.CapsuleShadows:1]]
[2019.09.26-18.42.02:611][  0]LogConfig: Applying CVar settings from Section [PostProcessQuality@3] File [C:/Users/fbarroso/Documents/Unreal Projects/Ecape_Project/Saved/Config/Windows/Scalability.ini]
[2019.09.26-18.42.02:611][  0]LogConfig: Setting CVar [[r.MotionBlurQuality:4]]
[2019.09.26-18.42.02:611][  0]LogConfig: Setting CVar [[r.AmbientOcclusionMipLevelFactor:0.4]]
[2019.09.26-18.42.02:611][  0]LogConfig: Setting CVar [[r.AmbientOcclusionMaxQuality:100]]
[2019.09.26-18.42.02:611][  0]LogConfig: Setting CVar [[r.AmbientOcclusionLevels:-1]]
[2019.09.26-18.42.02:611][  0]LogConfig: Setting CVar [[r.AmbientOcclusionRadiusScale:1.0]]
[2019.09.26-18.42.02:611][  0]LogConfig: Setting CVar [[r.DepthOfFieldQuality:2]]
[2019.09.26-18.42.02:611][  0]LogConfig: Setting CVar [[r.RenderTargetPoolMin:400]]
[2019.09.26-18.42.02:611][  0]LogConfig: Setting CVar [[r.LensFlareQuality:2]]
[2019.09.26-18.42.02:611][  0]LogConfig: Setting CVar [[r.SceneColorFringeQuality:1]]
[2019.09.26-18.42.02:611][  0]LogConfig: Setting CVar [[r.EyeAdaptationQuality:2]]
[2019.09.26-18.42.02:611][  0]LogConfig: Setting CVar [[r.BloomQuality:5]]
[2019.09.26-18.42.02:611][  0]LogConfig: Setting CVar [[r.FastBlurThreshold:100]]
[2019.09.26-18.42.02:611][  0]LogConfig: Setting CVar [[r.Upscale.Quality:3]]
[2019.09.26-18.42.02:611][  0]LogConfig: Setting CVar [[r.Tonemapper.GrainQuantization:1]]
[2019.09.26-18.42.02:611][  0]LogConfig: Setting CVar [[r.LightShaftQuality:1]]
[2019.09.26-18.42.02:611][  0]LogConfig: Setting CVar [[r.Filter.SizeScale:1]]
[2019.09.26-18.42.02:611][  0]LogConfig: Setting CVar [[r.Tonemapper.Quality:5]]
[2019.09.26-18.42.02:611][  0]LogConfig: Setting CVar [[r.DOF.Gather.AccumulatorQuality:1        ; higher gathering accumulator quality]]
[2019.09.26-18.42.02:611][  0]LogConfig: Setting CVar [[r.DOF.Gather.PostfilterMethod:1          ; Median3x3 postfilering method]]
[2019.09.26-18.42.02:611][  0]LogConfig: Setting CVar [[r.DOF.Gather.EnableBokehSettings:0       ; no bokeh simulation when gathering]]
[2019.09.26-18.42.02:611][  0]LogConfig: Setting CVar [[r.DOF.Gather.RingCount:4                 ; medium number of samples when gathering]]
[2019.09.26-18.42.02:611][  0]LogConfig: Setting CVar [[r.DOF.Scatter.ForegroundCompositing:1    ; additive foreground scattering]]
[2019.09.26-18.42.02:611][  0]LogConfig: Setting CVar [[r.DOF.Scatter.BackgroundCompositing:2    ; additive background scattering]]
[2019.09.26-18.42.02:611][  0]LogConfig: Setting CVar [[r.DOF.Scatter.EnableBokehSettings:1      ; bokeh simulation when scattering]]
[2019.09.26-18.42.02:611][  0]LogConfig: Setting CVar [[r.DOF.Scatter.MaxSpriteRatio:0.1         ; only a maximum of 10% of scattered bokeh]]
[2019.09.26-18.42.02:611][  0]LogConfig: Setting CVar [[r.DOF.Recombine.Quality:1                ; cheap slight out of focus]]
[2019.09.26-18.42.02:611][  0]LogConfig: Setting CVar [[r.DOF.Recombine.EnableBokehSettings:0    ; no bokeh simulation on slight out of focus]]
[2019.09.26-18.42.02:611][  0]LogConfig: Setting CVar [[r.DOF.TemporalAAQuality:1                ; more stable temporal accumulation]]
[2019.09.26-18.42.02:611][  0]LogConfig: Setting CVar [[r.DOF.Kernel.MaxForegroundRadius:0.025]]
[2019.09.26-18.42.02:611][  0]LogConfig: Setting CVar [[r.DOF.Kernel.MaxBackgroundRadius:0.025]]
[2019.09.26-18.42.02:611][  0]LogConfig: Applying CVar settings from Section [TextureQuality@3] File [C:/Users/fbarroso/Documents/Unreal Projects/Ecape_Project/Saved/Config/Windows/Scalability.ini]
[2019.09.26-18.42.02:611][  0]LogConfig: Setting CVar [[r.Streaming.MipBias:0]]
[2019.09.26-18.42.02:611][  0]LogConfig: Setting CVar [[r.Streaming.AmortizeCPUToGPUCopy:0]]
[2019.09.26-18.42.02:611][  0]LogConfig: Setting CVar [[r.Streaming.MaxNumTexturesToStreamPerFrame:0]]
[2019.09.26-18.42.02:611][  0]LogConfig: Setting CVar [[r.Streaming.Boost:1]]
[2019.09.26-18.42.02:611][  0]LogConfig: Setting CVar [[r.MaxAnisotropy:8]]
[2019.09.26-18.42.02:611][  0]LogConfig: Setting CVar [[r.Streaming.LimitPoolSizeToVRAM:0]]
[2019.09.26-18.42.02:611][  0]LogConfig: Setting CVar [[r.Streaming.PoolSize:1000]]
[2019.09.26-18.42.02:611][  0]LogConfig: Setting CVar [[r.Streaming.MaxEffectiveScreenSize:0]]
[2019.09.26-18.42.02:611][  0]LogConfig: Applying CVar settings from Section [EffectsQuality@3] File [C:/Users/fbarroso/Documents/Unreal Projects/Ecape_Project/Saved/Config/Windows/Scalability.ini]
[2019.09.26-18.42.02:611][  0]LogConfig: Setting CVar [[r.TranslucencyLightingVolumeDim:64]]
[2019.09.26-18.42.02:611][  0]LogConfig: Setting CVar [[r.RefractionQuality:2]]
[2019.09.26-18.42.02:611][  0]LogConfig: Setting CVar [[r.SSR.Quality:3]]
[2019.09.26-18.42.02:611][  0]LogConfig: Setting CVar [[r.SceneColorFormat:4]]
[2019.09.26-18.42.02:611][  0]LogConfig: Setting CVar [[r.DetailMode:2]]
[2019.09.26-18.42.02:611][  0]LogConfig: Setting CVar [[r.TranslucencyVolumeBlur:1]]
[2019.09.26-18.42.02:611][  0]LogConfig: Setting CVar [[r.MaterialQualityLevel:1 ; High quality]]
[2019.09.26-18.42.02:611][  0]LogConfig: Setting CVar [[r.SSS.Scale:1]]
[2019.09.26-18.42.02:611][  0]LogConfig: Setting CVar [[r.SSS.SampleSet:2]]
[2019.09.26-18.42.02:611][  0]LogConfig: Setting CVar [[r.SSS.Quality:1]]
[2019.09.26-18.42.02:611][  0]LogConfig: Setting CVar [[r.SSS.HalfRes:1]]
[2019.09.26-18.42.02:611][  0]LogConfig: Setting CVar [[r.EmitterSpawnRateScale:1.0]]
[2019.09.26-18.42.02:611][  0]LogConfig: Setting CVar [[r.ParticleLightQuality:2]]
[2019.09.26-18.42.02:611][  0]LogConfig: Applying CVar settings from Section [FoliageQuality@3] File [C:/Users/fbarroso/Documents/Unreal Projects/Ecape_Project/Saved/Config/Windows/Scalability.ini]
[2019.09.26-18.42.02:611][  0]LogConfig: Setting CVar [[foliage.DensityScale:1.0]]
[2019.09.26-18.42.02:611][  0]LogConfig: Setting CVar [[grass.DensityScale:1.0]]
[2019.09.26-18.42.02:611][  0]LogConfig: Applying CVar settings from Section [Startup] File [../../../Engine/Config/ConsoleVariables.ini]
[2019.09.26-18.42.02:612][  0]LogConfig: Setting CVar [[net.UseAdaptiveNetUpdateFrequency:0]]
[2019.09.26-18.42.02:612][  0]LogConfig: Setting CVar [[p.chaos.AllowCreatePhysxBodies:1]]
[2019.09.26-18.42.02:612][  0]LogConfig: Applying CVar settings from Section [ConsoleVariables] File [C:/Users/fbarroso/Documents/Unreal Projects/Ecape_Project/Saved/Config/Windows/Engine.ini]
[2019.09.26-18.42.02:612][  0]LogInit: Computer: NQSCGL-MSI-11
[2019.09.26-18.42.02:612][  0]LogInit: User: fbarroso
[2019.09.26-18.42.02:612][  0]LogInit: CPU Page size=4096, Cores=4
[2019.09.26-18.42.02:612][  0]LogInit: High frequency timer resolution =10.000000 MHz
[2019.09.26-18.42.02:612][  0]LogMemory: Memory total: Physical=31.9GB (32GB approx)
[2019.09.26-18.42.02:612][  0]LogMemory: Platform Memory Stats for Windows
[2019.09.26-18.42.02:612][  0]LogMemory: Process Physical Memory: 99.99 MB used, 99.99 MB peak
[2019.09.26-18.42.02:612][  0]LogMemory: Process Virtual Memory: 99.14 MB used, 99.14 MB peak
[2019.09.26-18.42.02:612][  0]LogMemory: Physical Memory: 7713.55 MB used,  24998.97 MB free, 32712.53 MB total
[2019.09.26-18.42.02:612][  0]LogMemory: Virtual Memory: 4667.01 MB used,  134213064.00 MB free, 134217728.00 MB total
[2019.09.26-18.42.02:615][  0]LogWindows: WindowsPlatformFeatures enabled
[2019.09.26-18.42.02:633][  0]LogInit: Using OS detected language (en-US).
[2019.09.26-18.42.02:633][  0]LogInit: Using OS detected locale (en-US).
[2019.09.26-18.42.02:633][  0]LogTextLocalizationManager: No specific localization for 'en-US' exists, so the 'en' localization will be used.
[2019.09.26-18.42.02:785][  0]LogInit: Setting process to per monitor DPI aware
[2019.09.26-18.42.02:817][  0]LogSlate: New Slate User Created.  User Index 0, Is Virtual User: 0
[2019.09.26-18.42.02:817][  0]LogSlate: Slate User Registered.  User Index 0, Is Virtual User: 0
[2019.09.26-18.42.02:999][  0]LogHMD: Failed to initialize OpenVR with code 110
[2019.09.26-18.42.02:999][  0]LogD3D11RHI: D3D11 adapters:
[2019.09.26-18.42.03:066][  0]LogD3D11RHI:    0. 'NVIDIA GeForce GTX 1070' (Feature Level 11_0)
[2019.09.26-18.42.03:066][  0]LogD3D11RHI:       8088/0/16356 MB DedicatedVideo/DedicatedSystem/SharedSystem, Outputs:1, VendorId:0x10de
[2019.09.26-18.42.03:072][  0]LogD3D11RHI:    1. 'Microsoft Basic Render Driver' (Feature Level 11_0)
[2019.09.26-18.42.03:072][  0]LogD3D11RHI:       0/0/16356 MB DedicatedVideo/DedicatedSystem/SharedSystem, Outputs:0, VendorId:0x1414
[2019.09.26-18.42.03:072][  0]LogD3D11RHI: Chosen D3D11 Adapter: 0
[2019.09.26-18.42.03:079][  0]LogD3D11RHI: Creating new Direct3DDevice
[2019.09.26-18.42.03:079][  0]LogD3D11RHI:     GPU DeviceId: 0x1b81 (for the marketing name, search the web for "GPU Device Id")
[2019.09.26-18.42.03:079][  0]LogWindows: EnumDisplayDevices:
[2019.09.26-18.42.03:080][  0]LogWindows:    0. 'NVIDIA GeForce GTX 1070' (P:1 D:1)
[2019.09.26-18.42.03:080][  0]LogWindows:    1. 'NVIDIA GeForce GTX 1070' (P:0 D:0)
[2019.09.26-18.42.03:080][  0]LogWindows:    2. 'NVIDIA GeForce GTX 1070' (P:0 D:0)
[2019.09.26-18.42.03:080][  0]LogWindows:    3. 'NVIDIA GeForce GTX 1070' (P:0 D:0)
[2019.09.26-18.42.03:081][  0]LogWindows: DebugString: FoundDriverCount:4 
[2019.09.26-18.42.03:081][  0]LogD3D11RHI:     Adapter Name: NVIDIA GeForce GTX 1070
[2019.09.26-18.42.03:081][  0]LogD3D11RHI:   Driver Version: 430.86 (internal:26.21.14.3086, unified:430.86)
[2019.09.26-18.42.03:081][  0]LogD3D11RHI:      Driver Date: 5-22-2019
[2019.09.26-18.42.03:081][  0]LogRHI: Texture pool is 5661 MB (70% of 8088 MB)
[2019.09.26-18.42.03:120][  0]LogD3D11RHI: Async texture creation enabled
[2019.09.26-18.42.03:131][  0]LogD3D11RHI: GPU Timing Frequency: 1000.000000 (Debug: 2 1)
[2019.09.26-18.42.03:447][  0]LogTemp: Display: Module 'AllDesktopTargetPlatform' loaded TargetPlatform 'AllDesktop'
[2019.09.26-18.42.03:456][  0]LogTemp: Display: Module 'MacClientTargetPlatform' loaded TargetPlatform 'MacClient'
[2019.09.26-18.42.03:465][  0]LogTemp: Display: Module 'MacNoEditorTargetPlatform' loaded TargetPlatform 'MacNoEditor'
[2019.09.26-18.42.03:474][  0]LogTemp: Display: Module 'MacServerTargetPlatform' loaded TargetPlatform 'MacServer'
[2019.09.26-18.42.03:483][  0]LogTemp: Display: Module 'MacTargetPlatform' loaded TargetPlatform 'Mac'
[2019.09.26-18.42.03:491][  0]LogTemp: Display: Module 'WindowsClientTargetPlatform' loaded TargetPlatform 'WindowsClient'
[2019.09.26-18.42.03:499][  0]LogTemp: Display: Module 'WindowsNoEditorTargetPlatform' loaded TargetPlatform 'WindowsNoEditor'
[2019.09.26-18.42.03:508][  0]LogTemp: Display: Module 'WindowsServerTargetPlatform' loaded TargetPlatform 'WindowsServer'
[2019.09.26-18.42.03:513][  0]LogTemp: Display: Module 'WindowsTargetPlatform' loaded TargetPlatform 'Windows'
[2019.09.26-18.42.03:541][  0]LogTemp: Display: Module 'AndroidTargetPlatform' loaded TargetPlatform 'Android'
[2019.09.26-18.42.03:541][  0]LogTemp: Display: Module 'AndroidTargetPlatform' loaded TargetPlatform 'Android_ASTC'
[2019.09.26-18.42.03:541][  0]LogTemp: Display: Module 'AndroidTargetPlatform' loaded TargetPlatform 'Android_ATC'
[2019.09.26-18.42.03:541][  0]LogTemp: Display: Module 'AndroidTargetPlatform' loaded TargetPlatform 'Android_DXT'
[2019.09.26-18.42.03:541][  0]LogTemp: Display: Module 'AndroidTargetPlatform' loaded TargetPlatform 'Android_ETC1'
[2019.09.26-18.42.03:541][  0]LogTemp: Display: Module 'AndroidTargetPlatform' loaded TargetPlatform 'Android_ETC1a'
[2019.09.26-18.42.03:541][  0]LogTemp: Display: Module 'AndroidTargetPlatform' loaded TargetPlatform 'Android_ETC2'
[2019.09.26-18.42.03:541][  0]LogTemp: Display: Module 'AndroidTargetPlatform' loaded TargetPlatform 'Android_PVRTC'
[2019.09.26-18.42.03:541][  0]LogTemp: Display: Module 'AndroidTargetPlatform' loaded TargetPlatform 'AndroidClient'
[2019.09.26-18.42.03:541][  0]LogTemp: Display: Module 'AndroidTargetPlatform' loaded TargetPlatform 'Android_ASTCClient'
[2019.09.26-18.42.03:541][  0]LogTemp: Display: Module 'AndroidTargetPlatform' loaded TargetPlatform 'Android_ATCClient'
[2019.09.26-18.42.03:541][  0]LogTemp: Display: Module 'AndroidTargetPlatform' loaded TargetPlatform 'Android_DXTClient'
[2019.09.26-18.42.03:541][  0]LogTemp: Display: Module 'AndroidTargetPlatform' loaded TargetPlatform 'Android_ETC1Client'
[2019.09.26-18.42.03:541][  0]LogTemp: Display: Module 'AndroidTargetPlatform' loaded TargetPlatform 'Android_ETC1aClient'
[2019.09.26-18.42.03:541][  0]LogTemp: Display: Module 'AndroidTargetPlatform' loaded TargetPlatform 'Android_ETC2Client'
[2019.09.26-18.42.03:541][  0]LogTemp: Display: Module 'AndroidTargetPlatform' loaded TargetPlatform 'Android_PVRTCClient'
[2019.09.26-18.42.03:541][  0]LogTemp: Display: Module 'AndroidTargetPlatform' loaded TargetPlatform 'Android_Multi'
[2019.09.26-18.42.03:541][  0]LogTemp: Display: Module 'AndroidTargetPlatform' loaded TargetPlatform 'Android_MultiClient'
[2019.09.26-18.42.03:543][  0]LogTemp: Display: Module 'HTML5TargetPlatform' loaded TargetPlatform 'HTML5'
[2019.09.26-18.42.03:559][  0]LogTemp: Display: Module 'IOSTargetPlatform' loaded TargetPlatform 'IOSClient'
[2019.09.26-18.42.03:559][  0]LogTemp: Display: Module 'IOSTargetPlatform' loaded TargetPlatform 'IOS'
[2019.09.26-18.42.03:570][  0]LogTemp: Display: Module 'TVOSTargetPlatform' loaded TargetPlatform 'TVOSClient'
[2019.09.26-18.42.03:570][  0]LogTemp: Display: Module 'TVOSTargetPlatform' loaded TargetPlatform 'TVOS'
[2019.09.26-18.42.03:576][  0]LogTemp: Display: Module 'LinuxClientTargetPlatform' loaded TargetPlatform 'LinuxClient'
[2019.09.26-18.42.03:583][  0]LogTemp: Display: Module 'LinuxNoEditorTargetPlatform' loaded TargetPlatform 'LinuxNoEditor'
[2019.09.26-18.42.03:589][  0]LogTemp: Display: Module 'LinuxServerTargetPlatform' loaded TargetPlatform 'LinuxServer'
[2019.09.26-18.42.03:597][  0]LogTemp: Display: Module 'LinuxTargetPlatform' loaded TargetPlatform 'Linux'
[2019.09.26-18.42.03:618][  0]LogTemp: Display: Module 'LuminTargetPlatform' loaded TargetPlatform 'Lumin'
[2019.09.26-18.42.03:618][  0]LogTemp: Display: Module 'LuminTargetPlatform' loaded TargetPlatform 'LuminClient'
[2019.09.26-18.42.03:618][  0]LogTargetPlatformManager: Display: Building Assets For Windows
[2019.09.26-18.42.03:626][  0]LogAudioDebug: Display: Lib vorbis DLL was dynamically loaded.
[2019.09.26-18.42.03:675][  0]LogShaderCompilers: Guid format shader working directory is -24 characters bigger than the processId version (../../../../../../Users/fbarroso/Documents/Unreal Projects/Ecape_Project/Intermediate/Shaders/WorkingDirectory/16664/).
[2019.09.26-18.42.03:675][  0]LogShaderCompilers: Cleaned the shader compiler working directory 'C:/Users/fbarroso/AppData/Local/Temp/UnrealShaderWorkingDir/AB4F03BC44638BDF5657D997AD0FBDDB/'.
[2019.09.26-18.42.03:677][  0]LogXGEController: Cannot use XGE Controller as Incredibuild is not installed on this machine.
[2019.09.26-18.42.03:677][  0]LogShaderCompilers: Cannot use XGE Shader Compiler as Incredibuild is not installed on this machine.
[2019.09.26-18.42.03:677][  0]LogShaderCompilers: Display: Using Local Shader Compiler.
[2019.09.26-18.42.04:314][  0]LogDerivedDataCache: Display: Max Cache Size: 512 MB
[2019.09.26-18.42.04:363][  0]LogDerivedDataCache: Loaded boot cache 0.05s 74MB C:/Users/fbarroso/AppData/Local/UnrealEngine/4.23/DerivedDataCache/Boot.ddc.
[2019.09.26-18.42.04:363][  0]LogDerivedDataCache: Display: Loaded Boot cache: C:/Users/fbarroso/AppData/Local/UnrealEngine/4.23/DerivedDataCache/Boot.ddc
[2019.09.26-18.42.04:363][  0]LogDerivedDataCache: FDerivedDataBackendGraph:  Pak pak cache file ../../../../../../Users/fbarroso/Documents/Unreal Projects/Ecape_Project/DerivedDataCache/DDC.ddp not found, will not use a pak cache.
[2019.09.26-18.42.04:363][  0]LogDerivedDataCache: Unable to find inner node Pak for hierarchical cache Hierarchy.
[2019.09.26-18.42.04:363][  0]LogDerivedDataCache: FDerivedDataBackendGraph:  CompressedPak pak cache file ../../../../../../Users/fbarroso/Documents/Unreal Projects/Ecape_Project/DerivedDataCache/Compressed.ddp not found, will not use a pak cache.
[2019.09.26-18.42.04:363][  0]LogDerivedDataCache: Unable to find inner node CompressedPak for hierarchical cache Hierarchy.
[2019.09.26-18.42.04:374][  0]LogDerivedDataCache: Display: Pak cache opened for reading ../../../Engine/DerivedDataCache/Compressed.ddp.
[2019.09.26-18.42.04:375][  0]LogDerivedDataCache: FDerivedDataBackendGraph:  EnterprisePak pak cache file ../../../Enterprise/DerivedDataCache/Compressed.ddp not found, will not use a pak cache.
[2019.09.26-18.42.04:375][  0]LogDerivedDataCache: Unable to find inner node EnterprisePak for hierarchical cache Hierarchy.
[2019.09.26-18.42.04:376][  0]LogDerivedDataCache: Using Local data cache path C:/Users/fbarroso/AppData/Local/UnrealEngine/Common/DerivedDataCache: Writable
[2019.09.26-18.42.04:376][  0]LogDerivedDataCache: Shared data cache path not found in *engine.ini, will not use an Shared cache.
[2019.09.26-18.42.04:376][  0]LogDerivedDataCache: Unable to find inner node Shared for hierarchical cache Hierarchy.
[2019.09.26-18.42.04:396][  0]LogMaterial: Verifying Global Shaders for PCD3D_SM5
[2019.09.26-18.42.04:399][  0]LogSlate: Using FreeType 2.6.0
[2019.09.26-18.42.04:400][  0]LogSlate: SlateFontServices - WITH_FREETYPE: 1, WITH_HARFBUZZ: 1
[2019.09.26-18.42.04:466][  0]LogAssetRegistry: FAssetRegistry took 0.0028 seconds to start up
[2019.09.26-18.42.04:757][  0]LogInit: Selected Device Profile: [Windows]
[2019.09.26-18.42.04:908][  0]LogMeshReduction: Using QuadricMeshReduction for automatic static mesh reduction
[2019.09.26-18.42.04:908][  0]LogMeshReduction: Using SimplygonMeshReduction for automatic skeletal mesh reduction
[2019.09.26-18.42.04:908][  0]LogMeshReduction: Using ProxyLODMeshReduction for automatic mesh merging
[2019.09.26-18.42.04:908][  0]LogMeshReduction: No distributed automatic mesh merging module available
[2019.09.26-18.42.04:908][  0]LogMeshMerging: No distributed automatic mesh merging module available
[2019.09.26-18.42.04:918][  0]LogNetVersion: Ecape_Project 1.0.0, NetCL: 8386587, EngineNetVer: 11, GameNetVer: 0 (Checksum: 306378981)
[2019.09.26-18.42.05:340][  0]LogPackageLocalizationCache: Processed 12 localized package path(s) for 1 prioritized culture(s) in 0.047318 seconds
[2019.09.26-18.42.05:347][  0]LogUObjectArray: 43444 objects as part of root set at end of initial load.
[2019.09.26-18.42.05:347][  0]LogUObjectAllocator: 7548648 out of 0 bytes used by permanent object pool.
[2019.09.26-18.42.05:347][  0]LogUObjectArray: CloseDisregardForGC: 0/0 objects in disregard for GC pool
[2019.09.26-18.42.06:370][  0]LogTcpMessaging: Initializing TcpMessaging bridge
[2019.09.26-18.42.06:374][  0]LogUdpMessaging: Initializing bridge on interface 0.0.0.0:0 to multicast group 230.0.0.1:6666.
[2019.09.26-18.42.06:430][  0]SourceControl: Source control is disabled
[2019.09.26-18.42.06:431][  0]SourceControl: Source control is disabled
[2019.09.26-18.42.06:432][  0]SourceControl: Source control is disabled
[2019.09.26-18.42.06:433][  0]SourceControl: Source control is disabled
[2019.09.26-18.42.06:441][  0]LogVSAccessor: Display: Unable to create Visual Studio setup instance: 80040154
[2019.09.26-18.42.06:442][  0]LogVSAccessor: Display: Unable to create Visual Studio setup instance: 80040154
[2019.09.26-18.42.06:531][  0]LogAndroidPermission: UAndroidPermissionCallbackProxy::GetInstance
[2019.09.26-18.42.06:740][  0]LogOcInput: OculusInput pre-init called
[2019.09.26-18.42.06:747][  0]LogWindows: Failed to load 'OVRPlugin.dll' (GetLastError=126)
[2019.09.26-18.42.06:747][  0]LogWindows: File 'OVRPlugin.dll' does not exist
[2019.09.26-18.42.06:814][  0]LogEngine: Initializing Engine...
[2019.09.26-18.42.06:815][  0]LogHMD: Failed to initialize OpenVR with code 110
[2019.09.26-18.42.06:816][  0]LogStats: UGameplayTagsManager::InitializeManager -  0.000 s
[2019.09.26-18.42.07:045][  0]LogInit: Initializing FReadOnlyCVARCache
[2019.09.26-18.42.07:062][  0]LogAIModule: Creating AISystem for world Untitled
[2019.09.26-18.42.07:105][  0]LogInit: XAudio2 using 'Speakers (Realtek High Definition Audio)' : 2 channels at 48 kHz using 32 bits per sample (channel mask 0x3)
[2019.09.26-18.42.07:261][  0]LogInit: FAudioDevice initialized.
[2019.09.26-18.42.07:261][  0]LogNetVersion: Set ProjectVersion to 1.0.0.0. Version Checksum will be recalculated on next use.
[2019.09.26-18.42.07:382][  0]LogDerivedDataCache: Saved boot cache 0.12s 73MB C:/Users/fbarroso/AppData/Local/UnrealEngine/4.23/DerivedDataCache/Boot.ddc.
[2019.09.26-18.42.07:387][  0]LogInit: Texture streaming: Enabled
[2019.09.26-18.42.07:410][  0]LogEngineSessionManager: EngineSessionManager initialized
[2019.09.26-18.42.07:459][  0]LogInit: Transaction tracking system initialized
[2019.09.26-18.42.07:493][  0]BlueprintLog: New page: Editor Load
[2019.09.26-18.42.07:588][  0]LocalizationService: Localization service is disabled
[2019.09.26-18.42.07:656][  0]LogVSAccessor: Display: Unable to create Visual Studio setup instance: 80040154
[2019.09.26-18.42.07:656][  0]LogVSAccessor: Display: Unable to create Visual Studio setup instance: 80040154
[2019.09.26-18.42.07:829][  0]LogFileCache: Scanning file cache for directory 'C:/Users/fbarroso/Documents/Unreal Projects/Ecape_Project/Content/' took 0.00s
[2019.09.26-18.42.07:829][  0]LogCook: Display: Max memory allowance for cook 16384mb min free memory 0mb
[2019.09.26-18.42.07:829][  0]LogCook: Display: Mobile HDR setting 1
[2019.09.26-18.42.08:025][  0]SourceControl: Source control is disabled
[2019.09.26-18.42.08:025][  0]Cmd: MAP LOAD FILE="../../../../../../Users/fbarroso/Documents/Unreal Projects/Ecape_Project/Content/FirstPersonBP/Maps/FirstPersonExampleMap.umap" TEMPLATE=0 SHOWPROGRESS=1 FEATURELEVEL=3
[2019.09.26-18.42.08:026][  0]LightingResults: New page: Lighting Build
[2019.09.26-18.42.08:029][  0]LogWorld: UWorld::CleanupWorld for Untitled, bSessionEnded=true, bCleanupResources=true
[2019.09.26-18.42.08:029][  0]MapCheck: New page: Map Check
[2019.09.26-18.42.08:029][  0]LightingResults: New page: Lighting Build
[2019.09.26-18.42.08:051][  0]LogUObjectHash: Compacting FUObjectHashTables data took   1.50ms
[2019.09.26-18.42.08:340][  0]LogAIModule: Creating AISystem for world FirstPersonExampleMap
[2019.09.26-18.42.08:350][  0]LogEditorServer: Finished looking for orphan Actors (0.000 secs)
[2019.09.26-18.42.08:376][  0]LogUObjectHash: Compacting FUObjectHashTables data took   2.10ms
[2019.09.26-18.42.08:377][  0]Cmd: MAP CHECKDEP NOCLEARLOG
[2019.09.26-18.42.08:377][  0]MapCheck: Map check complete: 0 Error(s), 0 Warning(s), took 0.187ms to complete.
[2019.09.26-18.42.08:377][  0]LogFileHelpers: Loading map 'FirstPersonExampleMap' took 0.352
[2019.09.26-18.42.08:465][  0]LogSlate: Updating window title bar state: overlay mode, drag disabled, window buttons hidden, title bar hidden
[2019.09.26-18.42.08:470][  0]LogSlate: Updating window title bar state: overlay mode, drag disabled, window buttons hidden, title bar hidden
[2019.09.26-18.42.08:475][  0]LogSlate: Updating window title bar state: overlay mode, drag disabled, window buttons hidden, title bar hidden
[2019.09.26-18.42.08:481][  0]LogSlate: Updating window title bar state: overlay mode, drag disabled, window buttons hidden, title bar hidden
[2019.09.26-18.42.08:487][  0]LogCollectionManager: Loaded 0 collections in 0.001708 seconds
[2019.09.26-18.42.08:492][  0]LogFileCache: Scanning file cache for directory 'C:/Users/fbarroso/Documents/Unreal Projects/Ecape_Project/Saved/Collections/' took 0.00s
[2019.09.26-18.42.08:492][  0]LogFileCache: Scanning file cache for directory 'C:/Users/fbarroso/Documents/Unreal Projects/Ecape_Project/Content/Developers/fbarroso/Collections/' took 0.00s
[2019.09.26-18.42.08:492][  0]LogFileCache: Scanning file cache for directory 'C:/Users/fbarroso/Documents/Unreal Projects/Ecape_Project/Content/Collections/' took 0.00s
[2019.09.26-18.42.08:492][  0]LogCollectionManager: Rebuilt the GUID cache for 0 collections in 0.000001 seconds
[2019.09.26-18.42.08:499][  0]LogContentBrowser: Native class hierarchy populated in 0.0065 seconds. Added 2863 classes and 680 folders.
[2019.09.26-18.42.08:505][  0]LogContentBrowser: Native class hierarchy updated for 'WidgetCarousel' in 0.0002 seconds. Added 0 classes and 0 folders.
[2019.09.26-18.42.08:545][  0]LogContentBrowser: Native class hierarchy updated for 'AddContentDialog' in 0.0002 seconds. Added 0 classes and 0 folders.
[2019.09.26-18.42.08:549][  0]LogContentBrowser: Native class hierarchy updated for 'SceneOutliner' in 0.0002 seconds. Added 1 classes and 2 folders.
[2019.09.26-18.42.08:561][  0]LogSlate: Took 0.000185 seconds to synchronously load lazily loaded font '../../../Engine/Content/Slate/Fonts/Roboto-Regular.ttf' (155K)
[2019.09.26-18.42.08:563][  0]LogSlate: Took 0.000178 seconds to synchronously load lazily loaded font '../../../Engine/Content/Slate/Fonts/Roboto-Bold.ttf' (160K)
[2019.09.26-18.42.08:566][  0]LogSlate: Took 0.000184 seconds to synchronously load lazily loaded font '../../../Engine/Content/Editor/Slate/Fonts/FontAwesome.ttf' (139K)
[2019.09.26-18.42.08:622][  0]LogRenderer: Reallocating scene render targets to support 1056x556 Format 10 NumSamples 1 (Frame:1).
[2019.09.26-18.42.08:749][  0]LogSlate: FSceneViewport::OnFocusLost() reason 5
[2019.09.26-18.42.08:764][  0]LogSlate: Window 'Tutorials' being destroyed
[2019.09.26-18.42.08:778][  0]LogContentBrowser: Native class hierarchy updated for 'HierarchicalLODOutliner' in 0.0002 seconds. Added 0 classes and 0 folders.
[2019.09.26-18.42.08:778][  0]LogLoad: (Engine Initialization) Total time: 7.23 seconds
[2019.09.26-18.42.08:778][  0]LogLoad: (Engine Initialization) Total Blueprint compile time: 0.00 seconds
[2019.09.26-18.42.08:823][  0]LogAssetRegistry: Asset discovery search completed in 4.3577 seconds
[2019.09.26-18.42.08:826][  0]LogCollectionManager: Rebuilt the object cache for 0 collections in 0.000004 seconds (found 0 objects)
[2019.09.26-18.42.08:826][  0]LogCollectionManager: Fixed up redirectors for 0 collections in 0.000054 seconds (updated 0 objects)
[2019.09.26-18.42.08:828][  0]LogContentStreaming: Texture pool size now 1000 MB
[2019.09.26-18.42.08:848][  0]LogSlate: Took 0.000177 seconds to synchronously load lazily loaded font '../../../Engine/Content/Slate/Fonts/Roboto-Light.ttf' (167K)
[2019.09.26-18.42.13:346][530]LogSlate: FSceneViewport::OnFocusLost() reason 0
[2019.09.26-18.42.15:899][828]Cmd: BRUSH ADD SELECTNEWBRUSH
[2019.09.26-18.42.21:253][466]LogSlate: FSceneViewport::OnFocusLost() reason 0
[2019.09.26-18.42.33:869][977]LogEditorViewport: Clicking on Actor (LMB): StaticMeshActor (Floor)
[2019.09.26-18.42.50:274][908]LogSlate: FSceneViewport::OnFocusLost() reason 0
[2019.09.26-18.42.53:841][333]Cmd: BRUSH ADD SELECTNEWBRUSH
[2019.09.26-18.43.31:891][883]LogSlate: FSceneViewport::OnFocusLost() reason 0
[2019.09.26-18.43.42:068][ 99]Cmd: SELECT NONE
[2019.09.26-18.43.44:077][340]LogEditorViewport: Clicking on Actor (LMB): StaticMeshActor (EditorCube21)
[2019.09.26-18.43.46:333][605]Cmd: DELETE
[2019.09.26-18.43.46:333][605]Cmd: ACTOR DELETE
[2019.09.26-18.43.46:335][605]LogEditorActor: Deleted Actor: StaticMeshActor
[2019.09.26-18.43.46:353][605]LogUObjectHash: Compacting FUObjectHashTables data took   1.34ms
[2019.09.26-18.43.46:354][605]LogEditorActor: Deleted 1 Actors (0.020 secs)
[2019.09.26-18.43.46:790][657]LogEditorViewport: Clicking on Actor (LMB): StaticMeshActor (EditorCube20)
[2019.09.26-18.43.46:807][657]Cmd: DELETE
[2019.09.26-18.43.46:807][657]Cmd: ACTOR DELETE
[2019.09.26-18.43.46:809][657]LogEditorActor: Deleted Actor: StaticMeshActor
[2019.09.26-18.43.46:830][657]LogUObjectHash: Compacting FUObjectHashTables data took   0.63ms
[2019.09.26-18.43.46:830][657]LogEditorActor: Deleted 1 Actors (0.023 secs)
[2019.09.26-18.43.47:552][743]LogEditorViewport: Clicking on Actor (LMB): StaticMeshActor (EditorCube18)
[2019.09.26-18.43.47:599][745]Cmd: DELETE
[2019.09.26-18.43.47:599][745]Cmd: ACTOR DELETE
[2019.09.26-18.43.47:600][745]LogEditorActor: Deleted Actor: StaticMeshActor
[2019.09.26-18.43.47:619][745]LogUObjectHash: Compacting FUObjectHashTables data took   0.56ms
[2019.09.26-18.43.47:620][745]LogEditorActor: Deleted 1 Actors (0.021 secs)
[2019.09.26-18.43.48:485][849]LogEditorViewport: Clicking on Actor (double click): StaticMeshActor (EditorCube19)
[2019.09.26-18.43.48:696][872]Cmd: DELETE
[2019.09.26-18.43.48:696][872]Cmd: ACTOR DELETE
[2019.09.26-18.43.48:697][872]LogEditorActor: Deleted Actor: StaticMeshActor
[2019.09.26-18.43.48:719][872]LogUObjectHash: Compacting FUObjectHashTables data took   0.60ms
[2019.09.26-18.43.48:720][872]LogEditorActor: Deleted 1 Actors (0.024 secs)
[2019.09.26-18.43.49:609][979]LogEditorViewport: Clicking on Actor (LMB): StaticMeshActor (EditorCube17)
[2019.09.26-18.43.49:652][981]Cmd: DELETE
[2019.09.26-18.43.49:652][981]Cmd: ACTOR DELETE
[2019.09.26-18.43.49:653][981]LogEditorActor: Deleted Actor: StaticMeshActor
[2019.09.26-18.43.49:671][981]LogUObjectHash: Compacting FUObjectHashTables data took   0.50ms
[2019.09.26-18.43.49:672][981]LogEditorActor: Deleted 1 Actors (0.019 secs)
[2019.09.26-18.43.50:784][115]LogEditorViewport: Clicking on Actor (LMB): StaticMeshActor (EditorCube15)
[2019.09.26-18.43.50:934][129]Cmd: DELETE
[2019.09.26-18.43.50:934][129]Cmd: ACTOR DELETE
[2019.09.26-18.43.50:935][129]LogEditorActor: Deleted Actor: StaticMeshActor
[2019.09.26-18.43.50:956][129]LogUObjectHash: Compacting FUObjectHashTables data took   0.51ms
[2019.09.26-18.43.50:956][129]LogEditorActor: Deleted 1 Actors (0.022 secs)
[2019.09.26-18.43.51:182][156]LogEditorViewport: Clicking on Actor (LMB): StaticMeshActor (EditorCube16)
[2019.09.26-18.43.51:219][157]Cmd: DELETE
[2019.09.26-18.43.51:219][157]Cmd: ACTOR DELETE
[2019.09.26-18.43.51:220][157]LogEditorActor: Deleted Actor: StaticMeshActor
[2019.09.26-18.43.51:238][157]LogUObjectHash: Compacting FUObjectHashTables data took   0.51ms
[2019.09.26-18.43.51:238][157]LogEditorActor: Deleted 1 Actors (0.019 secs)
[2019.09.26-18.43.54:745][577]LogEditorViewport: Clicking on Actor (LMB): StaticMeshActor (EditorCube14)
[2019.09.26-18.43.54:781][578]Cmd: DELETE
[2019.09.26-18.43.54:781][578]Cmd: ACTOR DELETE
[2019.09.26-18.43.54:783][578]LogEditorActor: Deleted Actor: StaticMeshActor
[2019.09.26-18.43.54:801][578]LogUObjectHash: Compacting FUObjectHashTables data took   0.51ms
[2019.09.26-18.43.54:801][578]LogEditorActor: Deleted 1 Actors (0.020 secs)
[2019.09.26-18.43.55:036][606]LogEditorViewport: Clicking on Actor (LMB): StaticMeshActor (EditorCube13)
[2019.09.26-18.43.55:080][608]Cmd: DELETE
[2019.09.26-18.43.55:080][608]Cmd: ACTOR DELETE
[2019.09.26-18.43.55:082][608]LogEditorActor: Deleted Actor: StaticMeshActor
[2019.09.26-18.43.55:100][608]LogUObjectHash: Compacting FUObjectHashTables data took   0.52ms
[2019.09.26-18.43.55:100][608]LogEditorActor: Deleted 1 Actors (0.020 secs)
[2019.09.26-18.43.55:414][646]LogEditorViewport: Clicking on Actor (LMB): StaticMeshActor (EditorCube12)
[2019.09.26-18.43.55:558][660]Cmd: DELETE
[2019.09.26-18.43.55:558][660]Cmd: ACTOR DELETE
[2019.09.26-18.43.55:559][660]LogEditorActor: Deleted Actor: StaticMeshActor
[2019.09.26-18.43.55:580][660]LogUObjectHash: Compacting FUObjectHashTables data took   0.58ms
[2019.09.26-18.43.55:580][660]LogEditorActor: Deleted 1 Actors (0.022 secs)
[2019.09.26-18.43.56:858][813]LogEditorViewport: Clicking on Actor (LMB): StaticMeshActor (EditorCube9)
[2019.09.26-18.43.56:911][816]Cmd: DELETE
[2019.09.26-18.43.56:912][816]Cmd: ACTOR DELETE
[2019.09.26-18.43.56:913][816]LogEditorActor: Deleted Actor: StaticMeshActor
[2019.09.26-18.43.56:932][816]LogUObjectHash: Compacting FUObjectHashTables data took   0.59ms
[2019.09.26-18.43.56:932][816]LogEditorActor: Deleted 1 Actors (0.020 secs)
[2019.09.26-18.43.57:359][867]LogEditorViewport: Clicking on Actor (LMB): StaticMeshActor (EditorCube10)
[2019.09.26-18.43.57:394][868]Cmd: DELETE
[2019.09.26-18.43.57:394][868]Cmd: ACTOR DELETE
[2019.09.26-18.43.57:395][868]LogEditorActor: Deleted Actor: StaticMeshActor
[2019.09.26-18.43.57:413][868]LogUObjectHash: Compacting FUObjectHashTables data took   0.55ms
[2019.09.26-18.43.57:414][868]LogEditorActor: Deleted 1 Actors (0.020 secs)
[2019.09.26-18.43.58:657][ 17]LogEditorViewport: Clicking on Actor (LMB): StaticMeshActor (Floor)
[2019.09.26-18.43.59:236][ 83]LogEditorViewport: Clicking on Actor (LMB): StaticMeshActor (EditorCube11)
[2019.09.26-18.43.59:789][146]Cmd: DELETE
[2019.09.26-18.43.59:789][146]Cmd: ACTOR DELETE
[2019.09.26-18.43.59:790][146]LogEditorActor: Deleted Actor: StaticMeshActor
[2019.09.26-18.43.59:809][146]LogUObjectHash: Compacting FUObjectHashTables data took   0.57ms
[2019.09.26-18.43.59:809][146]LogEditorActor: Deleted 1 Actors (0.020 secs)
[2019.09.26-18.44.00:165][189]LogEditorViewport: Clicking on Actor (LMB): StaticMeshActor (EditorCube8)
[2019.09.26-18.44.00:201][190]Cmd: DELETE
[2019.09.26-18.44.00:201][190]Cmd: ACTOR DELETE
[2019.09.26-18.44.00:202][190]LogEditorActor: Deleted Actor: StaticMeshActor
[2019.09.26-18.44.00:221][190]LogUObjectHash: Compacting FUObjectHashTables data took   0.55ms
[2019.09.26-18.44.00:221][190]LogEditorActor: Deleted 1 Actors (0.020 secs)
[2019.09.26-18.44.08:932][232]LogSlate: FSceneViewport::OnFocusLost() reason 0
[2019.09.26-18.44.32:077][  4]LogEditorViewport: Clicking on Actor (LMB): StaticMeshActor (Wall1)
[2019.09.26-18.44.34:632][305]LogSlate: FSceneViewport::OnFocusLost() reason 0
[2019.09.26-18.44.36:181][488]LogSlate: FSceneViewport::OnFocusLost() reason 0
[2019.09.26-18.44.43:503][361]LogSlate: FSceneViewport::OnFocusLost() reason 0
[2019.09.26-18.44.44:686][503]LogEditorViewport: Clicking on Actor (LMB): StaticMeshActor (Floor)
[2019.09.26-18.44.53:514][555]LogSlate: FSceneViewport::OnFocusLost() reason 0
[2019.09.26-18.45.08:818][381]LogHttp: Warning: 0000021C0F55BC40: invalid HTTP response code received. URL: https://datarouter.ol.epicgames.com/datarouter/api/v1/public/data?SessionID=%7B99E4752D-4C04-2EEA-7E4A-B893BDDE1D84%7D&AppID=UEEditor.Rocket.Release&AppVersion=4.23.0-8386587%2B%2B%2BUE4%2BRelease-4.23&UserID=cfa865434beb8707438d80810d9b360e%7C%7C8b0b1fd4-2b50-4625-a22d-12059c6c9ba8&AppEnvironment=datacollector-binary&UploadType=eteventstream, HTTP code: 0, content length: -1, actual payload size: 0
[2019.09.26-18.45.08:819][381]LogHttp: Warning: 0000021C0F55BC40: request failed, libcurl error: 0 (No error)
[2019.09.26-18.45.08:819][381]LogHttp: Warning: 0000021C0F55BC40: libcurl info message cache 0 (Found bundle for host datarouter.ol.epicgames.com: 0x21c3ebf7f70 [can pipeline])
[2019.09.26-18.45.08:819][381]LogHttp: Warning: 0000021C0F55BC40: libcurl info message cache 1 (Re-using existing connection! (#0) with host datarouter.ol.epicgames.com)
[2019.09.26-18.45.08:819][381]LogHttp: Warning: 0000021C0F55BC40: libcurl info message cache 2 (Connected to datarouter.ol.epicgames.com (52.1.48.131) port 443 (#0))
[2019.09.26-18.45.08:819][381]LogHttp: Warning: 0000021C0F55BC40: libcurl info message cache 3 (We are completely uploaded and fine)
[2019.09.26-18.45.08:819][381]LogHttp: Warning: 0000021C0F55BC40: libcurl info message cache 4 (TLSv1.2 (IN), TLS alert, Client hello (1):)
[2019.09.26-18.45.08:819][381]LogHttp: Warning: 0000021C0F55BC40: libcurl info message cache 5 (Connection died, retrying a fresh connect)
[2019.09.26-18.45.08:819][381]LogHttp: Warning: 0000021C0F55BC40: libcurl info message cache 6 (necessary data rewind wasn't possible)
[2019.09.26-18.45.08:819][381]LogHttp: Warning: 0000021C0F55BC40: libcurl info message cache 7 (Closing connection 0)
[2019.09.26-18.45.08:819][381]LogHttp: Warning: 0000021C0F55BC40: libcurl info message cache 8 (TLSv1.2 (OUT), TLS alert, Client hello (1):)
[2019.09.26-18.45.08:827][382]LogHttp: Warning: Retry exhausted on https://datarouter.ol.epicgames.com/datarouter/api/v1/public/data?SessionID=%7B99E4752D-4C04-2EEA-7E4A-B893BDDE1D84%7D&AppID=UEEditor.Rocket.Release&AppVersion=4.23.0-8386587%2B%2B%2BUE4%2BRelease-4.23&UserID=cfa865434beb8707438d80810d9b360e%7C%7C8b0b1fd4-2b50-4625-a22d-12059c6c9ba8&AppEnvironment=datacollector-binary&UploadType=eteventstream
[2019.09.26-18.45.16:977][352]LogSlate: FSceneViewport::OnFocusLost() reason 0
[2019.09.26-18.45.20:127][730]LogEditorViewport: Clicking on Actor (LMB): BP_Sky_Sphere_C (SkySphereBlueprint)
[2019.09.26-18.45.23:841][168]LogSlate: FSceneViewport::OnFocusLost() reason 0
[2019.09.26-18.45.24:899][295]LogEditorViewport: Clicking on Actor (LMB): StaticMeshActor (Floor)
[2019.09.26-18.45.26:915][528]LogEditorViewport: Clicking on Actor (LMB): BP_Sky_Sphere_C (SkySphereBlueprint)
[2019.09.26-18.46.05:303][111]Cmd: EDCALLBACK SURFPROPS
[2019.09.26-18.46.05:950][185]Cmd: EDCALLBACK SURFPROPS
[2019.09.26-18.46.09:400][593]LogEditorViewport: Clicking on Actor (LMB): StaticMeshActor (Floor)
[2019.09.26-18.46.23:287][242]LogSlate: FSceneViewport::OnFocusLost() reason 0
[2019.09.26-18.46.29:114][940]LogEditorViewport: Clicking on Actor (LMB): BP_Sky_Sphere_C (SkySphereBlueprint)
[2019.09.26-18.46.37:349][922]Cmd: TRANSACTION UNDO
[2019.09.26-18.46.37:349][922]LogEditorTransaction: Undo Move Actors
[2019.09.26-18.46.37:360][922]LogSlate: Took 0.000224 seconds to synchronously load lazily loaded font '../../../Engine/Content/Slate/Fonts/Roboto-Light.ttf' (167K)
[2019.09.26-18.46.38:597][ 65]Cmd: TRANSACTION UNDO
[2019.09.26-18.46.38:597][ 65]LogEditorTransaction: Undo Clicking on Actors
[2019.09.26-18.46.44:736][797]LogEditorViewport: Clicking on Actor (LMB): BP_Sky_Sphere_C (SkySphereBlueprint)
[2019.09.26-18.46.59:491][559]LogEditorViewport: Clicking on Actor (double click): Brush (Box Brush)
[2019.09.26-18.47.00:009][617]LogEditorViewport: Clicking on Actor (double click): Brush (Box Brush)
[2019.09.26-18.47.00:648][689]Cmd: EDCALLBACK SURFPROPS
[2019.09.26-18.47.00:992][727]Cmd: EDCALLBACK SURFPROPS
[2019.09.26-18.47.02:847][949]LogEditorViewport: Clicking on Actor (LMB): BP_Sky_Sphere_C (SkySphereBlueprint)
[2019.09.26-18.48.14:760][290]LogSlate: FSceneViewport::OnFocusLost() reason 5
[2019.09.26-18.48.16:382][454]LogUObjectHash: Compacting FUObjectHashTables data took   1.48ms
[2019.09.26-18.48.16:388][454]LogSlate: FSceneViewport::OnFocusLost() reason 5
[2019.09.26-18.48.16:417][454]LogUObjectHash: Compacting FUObjectHashTables data took   0.59ms
[2019.09.26-18.48.16:534][454]LogSavePackage: Moving '../../../../../../Users/fbarroso/Documents/Unreal Projects/Ecape_Project/Saved/FirstPersonExampleMap37CA616145A919CB9C2313B79D935847.tmp' to '../../../../../../Users/fbarroso/Documents/Unreal Projects/Ecape_Project/Content/FirstPersonBP/Maps/FirstPersonExampleMap.umap'
[2019.09.26-18.48.16:545][454]LogFileHelpers: Saving map 'FirstPersonExampleMap' took 0.149
[2019.09.26-18.48.33:069][251]LogSlate: FSceneViewport::OnFocusLost() reason 0
[2019.09.26-18.49.10:936][513]LogSlate: Took 0.019307 seconds to synchronously load lazily loaded font '../../../Engine/Content/Slate/Fonts/Roboto-Italic.ttf' (157K)
[2019.09.26-18.49.14:183][901]LogSlate: FSceneViewport::OnFocusLost() reason 0
[2019.09.26-18.49.52:017][451]LogSlate: FSceneViewport::OnFocusLost() reason 2
[2019.09.26-18.50.16:758][411]LogEditorViewport: Clicking on Actor (LMB): BP_Sky_Sphere_C (SkySphereBlueprint)
[2019.09.26-18.50.34:931][586]LogSlate: FSceneViewport::OnFocusLost() reason 0
[2019.09.26-18.52.17:441][786]LogSlate: FSceneViewport::OnFocusLost() reason 0
[2019.09.26-18.52.21:413][262]Cmd: TRANSACTION UNDO
[2019.09.26-18.52.21:413][262]LogEditorTransaction: Undo Edit Hollow
[2019.09.26-18.52.23:294][473]LogSlate: FSceneViewport::OnFocusLost() reason 0
[2019.09.26-18.52.25:366][721]LogEditorViewport: Clicking on Actor (LMB): BP_Sky_Sphere_C (SkySphereBlueprint)
[2019.09.26-18.52.36:760][ 73]Cmd: TRANSACTION UNDO
[2019.09.26-18.52.36:760][ 73]LogEditorTransaction: Undo Move Actors
[2019.09.26-18.52.48:660][475]Cmd: TRANSACTION UNDO
[2019.09.26-18.52.48:660][475]LogEditorTransaction: Undo Move Actors
[2019.09.26-18.53.02:080][ 69]LogEditorViewport: Clicking on Actor (LMB): Brush (Box Brush)
[2019.09.26-18.53.10:988][127]Cmd: TRANSACTION UNDO
[2019.09.26-18.53.10:988][127]LogEditorTransaction: Undo Move Actors
[2019.09.26-18.53.11:322][163]Cmd: TRANSACTION UNDO
[2019.09.26-18.53.11:322][163]LogEditorTransaction: Undo Move Actors
[2019.09.26-18.53.12:942][352]LogSlate: FSceneViewport::OnFocusLost() reason 0
[2019.09.26-18.53.15:952][710]LogEditorViewport: Clicking on Actor (LMB): StaticMeshActor (Wall1)
[2019.09.26-18.54.07:343][868]LogSlate: FSceneViewport::OnFocusLost() reason 0
[2019.09.26-18.54.08:784][ 27]LogSlate: FSceneViewport::OnFocusLost() reason 0
[2019.09.26-18.54.09:438][ 97]LogSlate: FSceneViewport::OnFocusLost() reason 0
[2019.09.26-18.54.13:205][538]LogSlate: FSceneViewport::OnFocusLost() reason 0
[2019.09.26-18.54.13:326][552]LogEditorViewport: Clicking on Actor (LMB): StaticMeshActor (Floor)
[2019.09.26-18.54.14:229][657]LogEditorViewport: Clicking on Actor (LMB): StaticMeshActor (Floor)
[2019.09.26-18.54.14:691][711]LogEditorViewport: Clicking on Actor (LMB): BP_Sky_Sphere_C (SkySphereBlueprint)
[2019.09.26-18.54.21:298][500]LogSlate: FSceneViewport::OnFocusLost() reason 5
[2019.09.26-18.54.37:628][456]LogSlate: FSceneViewport::OnFocusLost() reason 0
[2019.09.26-18.55.08:442][151]LogSlate: FSceneViewport::OnFocusLost() reason 0
[2019.09.26-18.55.09:351][249]LogEditorViewport: Clicking on Actor (LMB): BP_Sky_Sphere_C (SkySphereBlueprint)
[2019.09.26-18.55.13:672][765]Cmd: TRANSACTION UNDO
[2019.09.26-18.55.13:672][765]LogEditorTransaction: Undo Move Actors
[2019.09.26-18.55.14:350][841]LogEditorViewport: Clicking on Actor (LMB): BP_Sky_Sphere_C (SkySphereBlueprint)
[2019.09.26-18.55.16:801][131]LogEditorViewport: Clicking on Actor (LMB): StaticMeshActor (Floor)
[2019.09.26-18.55.20:406][556]Cmd: TRANSACTION UNDO
[2019.09.26-18.55.20:406][556]LogEditorTransaction: Undo Move Actors
[2019.09.26-18.55.21:477][676]LogEditorViewport: Clicking on Actor (LMB): BP_Sky_Sphere_C (SkySphereBlueprint)
[2019.09.26-18.55.22:015][738]LogEditorViewport: Clicking on Actor (LMB): BP_Sky_Sphere_C (SkySphereBlueprint)
[2019.09.26-18.55.22:134][751]LogEditorViewport: Clicking on Component (LMB): StaticMeshComponent (SkySphereMesh)
[2019.09.26-18.55.26:060][216]Cmd: TRANSACTION UNDO
[2019.09.26-18.55.26:060][216]LogEditorTransaction: Undo Move Components
[2019.09.26-18.55.26:561][268]LogEditorViewport: Clicking on Actor (LMB): StaticMeshActor (Floor)
[2019.09.26-18.55.27:354][359]LogEditorViewport: Clicking on Actor (LMB): StaticMeshActor (Floor)
[2019.09.26-18.55.28:073][444]LogEditorViewport: Clicking on Actor (LMB): BP_Sky_Sphere_C (SkySphereBlueprint)
[2019.09.26-18.55.29:910][661]LogEditorViewport: Clicking on Actor (LMB): BP_Sky_Sphere_C (SkySphereBlueprint)
[2019.09.26-18.55.30:160][690]LogEditorViewport: Clicking on Component (LMB): StaticMeshComponent (SkySphereMesh)
[2019.09.26-18.55.30:384][715]LogEditorViewport: Clicking on Component (LMB): StaticMeshComponent (SkySphereMesh)
[2019.09.26-18.55.30:433][720]LogEditorViewport: Clicking on Actor (double click): BP_Sky_Sphere_C (SkySphereBlueprint)
[2019.09.26-18.55.39:091][752]Cmd: TRANSACTION UNDO
[2019.09.26-18.55.39:091][752]LogEditorTransaction: Undo Move Actors
[2019.09.26-18.55.39:249][770]Cmd: TRANSACTION UNDO
[2019.09.26-18.55.39:249][770]LogEditorTransaction: Undo Move Actors
[2019.09.26-18.55.39:423][788]Cmd: TRANSACTION UNDO
[2019.09.26-18.55.39:424][788]LogEditorTransaction: Undo Move Actors
[2019.09.26-18.55.39:839][834]Cmd: TRANSACTION UNDO
[2019.09.26-18.55.39:839][834]LogEditorTransaction: Undo Move Actors
[2019.09.26-18.55.40:199][877]Cmd: TRANSACTION UNDO
[2019.09.26-18.55.40:199][877]LogEditorTransaction: Undo Clicking on Actors (double-click)
[2019.09.26-18.55.40:556][916]Cmd: TRANSACTION UNDO
[2019.09.26-18.55.40:556][916]LogEditorTransaction: Undo Clicking on Components
[2019.09.26-18.55.40:961][963]Cmd: TRANSACTION UNDO
[2019.09.26-18.55.40:961][963]LogEditorTransaction: Undo Clicking on Actors
[2019.09.26-18.55.41:538][ 29]Cmd: TRANSACTION UNDO
[2019.09.26-18.55.41:538][ 29]LogEditorTransaction: Undo Clicking on Actors
[2019.09.26-18.55.41:944][ 76]Cmd: TRANSACTION UNDO
[2019.09.26-18.55.41:945][ 76]LogEditorTransaction: Undo Clicking on Components
[2019.09.26-18.55.42:247][111]Cmd: TRANSACTION UNDO
[2019.09.26-18.55.42:247][111]LogEditorTransaction: Undo Clicking on Actors
[2019.09.26-18.55.42:441][131]Cmd: TRANSACTION UNDO
[2019.09.26-18.55.42:441][131]LogEditorTransaction: Undo Clicking on Actors
[2019.09.26-18.55.44:749][406]Cmd: TRANSACTION UNDO
[2019.09.26-18.55.44:749][406]LogEditorTransaction: Undo Select Brush Surface
[2019.09.26-18.55.45:275][467]Cmd: TRANSACTION UNDO
[2019.09.26-18.55.45:275][467]LogEditorTransaction: Undo Clicking on Actors
[2019.09.26-18.55.45:797][527]Cmd: TRANSACTION UNDO
[2019.09.26-18.55.45:797][527]LogEditorTransaction: Undo Clicking on Actors
[2019.09.26-18.55.46:188][572]Cmd: TRANSACTION UNDO
[2019.09.26-18.55.46:188][572]LogEditorTransaction: Undo Clicking on Actors
[2019.09.26-18.55.47:374][713]Cmd: TRANSACTION UNDO
[2019.09.26-18.55.47:374][713]LogEditorTransaction: Undo Move Actors
[2019.09.26-18.55.48:722][872]LogEditorViewport: Clicking on Actor (LMB): BP_Sky_Sphere_C (SkySphereBlueprint)
[2019.09.26-18.55.50:111][ 36]LogEditorViewport: Clicking on Actor (LMB): StaticMeshActor (Floor)
[2019.09.26-18.55.52:926][367]LogEditorViewport: Clicking on Actor (LMB): BP_Sky_Sphere_C (SkySphereBlueprint)
[2019.09.26-18.56.29:323][732]LogSlate: FSceneViewport::OnFocusLost() reason 0
[2019.09.26-18.58.16:220][548]LogUObjectHash: Compacting FUObjectHashTables data took   1.79ms
[2019.09.26-18.58.16:330][548]LogSavePackage: Moving '../../../../../../Users/fbarroso/Documents/Unreal Projects/Ecape_Project/Saved/FirstPersonExampleMap_Auto109204CD74C8B69E75A9A858A1EAA21A0.tmp' to '../../../../../../Users/fbarroso/Documents/Unreal Projects/Ecape_Project/Saved/Autosaves/Game/FirstPersonBP/Maps/FirstPersonExampleMap_Auto1.umap'
[2019.09.26-18.58.16:333][548]LogFileHelpers: Editor autosave (incl. sublevels) for '/Game/FirstPersonBP/Maps/FirstPersonExampleMap' took 0.137
[2019.09.26-18.58.16:333][548]LogFileHelpers: Editor autosave (incl. sublevels) for all levels took 0.137
